make[1]: Entering directory '/home/cigany/oiinux/toolchain/build/binutils'
/bin/bash /home/cigany/oiinux/toolchain/src/binutils-2.42/mkinstalldirs /home/cigany/oiinux/toolchain/installed /home/cigany/oiinux/toolchain/installed
make[2]: Entering directory '/home/cigany/oiinux/toolchain/build/binutils/libsframe'
make[3]: Entering directory '/home/cigany/oiinux/toolchain/build/binutils/libsframe'
 /usr/bin/mkdir -p '/home/cigany/oiinux/toolchain/installed/share/info'
 /usr/bin/install -c -m 644 /home/cigany/oiinux/toolchain/src/binutils-2.42/libsframe/doc/sframe-spec.info '/home/cigany/oiinux/toolchain/installed/share/info'
 install-info --info-dir='/home/cigany/oiinux/toolchain/installed/share/info' '/home/cigany/oiinux/toolchain/installed/share/info/sframe-spec.info'
make[3]: Leaving directory '/home/cigany/oiinux/toolchain/build/binutils/libsframe'
make[2]: Leaving directory '/home/cigany/oiinux/toolchain/build/binutils/libsframe'
make[2]: Entering directory '/home/cigany/oiinux/toolchain/build/binutils/bfd'
make  install-recursive
make[3]: Entering directory '/home/cigany/oiinux/toolchain/build/binutils/bfd'
Making install in po
make[4]: Entering directory '/home/cigany/oiinux/toolchain/build/binutils/bfd/po'
make[4]: Nothing to be done for 'install'.
make[4]: Leaving directory '/home/cigany/oiinux/toolchain/build/binutils/bfd/po'
make[4]: Entering directory '/home/cigany/oiinux/toolchain/build/binutils/bfd'
make[5]: Entering directory '/home/cigany/oiinux/toolchain/build/binutils/bfd'
make[5]: Nothing to be done for 'install-exec-am'.
 /usr/bin/mkdir -p '/home/cigany/oiinux/toolchain/installed/share/info'
 /usr/bin/install -c -m 644 ./doc/bfd.info '/home/cigany/oiinux/toolchain/installed/share/info'
 install-info --info-dir='/home/cigany/oiinux/toolchain/installed/share/info' '/home/cigany/oiinux/toolchain/installed/share/info/bfd.info'
make[5]: Leaving directory '/home/cigany/oiinux/toolchain/build/binutils/bfd'
make[4]: Leaving directory '/home/cigany/oiinux/toolchain/build/binutils/bfd'
make[3]: Leaving directory '/home/cigany/oiinux/toolchain/build/binutils/bfd'
make[2]: Leaving directory '/home/cigany/oiinux/toolchain/build/binutils/bfd'
make[2]: Entering directory '/home/cigany/oiinux/toolchain/build/binutils/opcodes'
Making install in .
make[3]: Entering directory '/home/cigany/oiinux/toolchain/build/binutils/opcodes'
make[4]: Entering directory '/home/cigany/oiinux/toolchain/build/binutils/opcodes'
make[4]: Nothing to be done for 'install-exec-am'.
make[4]: Leaving directory '/home/cigany/oiinux/toolchain/build/binutils/opcodes'
make[3]: Leaving directory '/home/cigany/oiinux/toolchain/build/binutils/opcodes'
Making install in po
make[3]: Entering directory '/home/cigany/oiinux/toolchain/build/binutils/opcodes/po'
make[3]: Nothing to be done for 'install'.
make[3]: Leaving directory '/home/cigany/oiinux/toolchain/build/binutils/opcodes/po'
make[2]: Leaving directory '/home/cigany/oiinux/toolchain/build/binutils/opcodes'
make[2]: Entering directory '/home/cigany/oiinux/toolchain/build/binutils/binutils'
make  install-recursive
make[3]: Entering directory '/home/cigany/oiinux/toolchain/build/binutils/binutils'
Making install in po
make[4]: Entering directory '/home/cigany/oiinux/toolchain/build/binutils/binutils/po'
make[4]: Nothing to be done for 'install'.
make[4]: Leaving directory '/home/cigany/oiinux/toolchain/build/binutils/binutils/po'
make[4]: Entering directory '/home/cigany/oiinux/toolchain/build/binutils/binutils'
make[5]: Entering directory '/home/cigany/oiinux/toolchain/build/binutils/binutils'
 /usr/bin/mkdir -p '/home/cigany/oiinux/toolchain/installed/bin'
  /bin/bash ./libtool   --mode=install /usr/bin/install -c size '/home/cigany/oiinux/toolchain/installed/bin/./x86_64-oiinux-linux-musl-size'
libtool: install: /usr/bin/install -c size /home/cigany/oiinux/toolchain/installed/bin/./x86_64-oiinux-linux-musl-size
  /bin/bash ./libtool   --mode=install /usr/bin/install -c objdump '/home/cigany/oiinux/toolchain/installed/bin/./x86_64-oiinux-linux-musl-objdump'
libtool: install: /usr/bin/install -c objdump /home/cigany/oiinux/toolchain/installed/bin/./x86_64-oiinux-linux-musl-objdump
  /bin/bash ./libtool   --mode=install /usr/bin/install -c ar '/home/cigany/oiinux/toolchain/installed/bin/./x86_64-oiinux-linux-musl-ar'
libtool: install: /usr/bin/install -c ar /home/cigany/oiinux/toolchain/installed/bin/./x86_64-oiinux-linux-musl-ar
  /bin/bash ./libtool   --mode=install /usr/bin/install -c strings '/home/cigany/oiinux/toolchain/installed/bin/./x86_64-oiinux-linux-musl-strings'
libtool: install: /usr/bin/install -c strings /home/cigany/oiinux/toolchain/installed/bin/./x86_64-oiinux-linux-musl-strings
  /bin/bash ./libtool   --mode=install /usr/bin/install -c ranlib '/home/cigany/oiinux/toolchain/installed/bin/./x86_64-oiinux-linux-musl-ranlib'
libtool: install: /usr/bin/install -c ranlib /home/cigany/oiinux/toolchain/installed/bin/./x86_64-oiinux-linux-musl-ranlib
  /bin/bash ./libtool   --mode=install /usr/bin/install -c objcopy '/home/cigany/oiinux/toolchain/installed/bin/./x86_64-oiinux-linux-musl-objcopy'
libtool: install: /usr/bin/install -c objcopy /home/cigany/oiinux/toolchain/installed/bin/./x86_64-oiinux-linux-musl-objcopy
  /bin/bash ./libtool   --mode=install /usr/bin/install -c addr2line '/home/cigany/oiinux/toolchain/installed/bin/./x86_64-oiinux-linux-musl-addr2line'
libtool: install: /usr/bin/install -c addr2line /home/cigany/oiinux/toolchain/installed/bin/./x86_64-oiinux-linux-musl-addr2line
  /bin/bash ./libtool   --mode=install /usr/bin/install -c readelf '/home/cigany/oiinux/toolchain/installed/bin/./x86_64-oiinux-linux-musl-readelf'
libtool: install: /usr/bin/install -c readelf /home/cigany/oiinux/toolchain/installed/bin/./x86_64-oiinux-linux-musl-readelf
  /bin/bash ./libtool   --mode=install /usr/bin/install -c elfedit '/home/cigany/oiinux/toolchain/installed/bin/./x86_64-oiinux-linux-musl-elfedit'
libtool: install: /usr/bin/install -c elfedit /home/cigany/oiinux/toolchain/installed/bin/./x86_64-oiinux-linux-musl-elfedit
  /bin/bash ./libtool  --mode=install /usr/bin/install -c nm-new /home/cigany/oiinux/toolchain/installed/bin/x86_64-oiinux-linux-musl-nm
libtool: install: /usr/bin/install -c nm-new /home/cigany/oiinux/toolchain/installed/bin/x86_64-oiinux-linux-musl-nm
  /bin/bash ./libtool  --mode=install /usr/bin/install -c strip-new /home/cigany/oiinux/toolchain/installed/bin/x86_64-oiinux-linux-musl-strip
libtool: install: /usr/bin/install -c strip-new /home/cigany/oiinux/toolchain/installed/bin/x86_64-oiinux-linux-musl-strip
  /bin/bash ./libtool  --mode=install /usr/bin/install -c cxxfilt /home/cigany/oiinux/toolchain/installed/bin/x86_64-oiinux-linux-musl-c++filt
libtool: install: /usr/bin/install -c cxxfilt /home/cigany/oiinux/toolchain/installed/bin/x86_64-oiinux-linux-musl-c++filt
/bin/bash /home/cigany/oiinux/toolchain/src/binutils-2.42/binutils/../mkinstalldirs /home/cigany/oiinux/toolchain/installed/x86_64-oiinux-linux-musl/bin
mkdir -p -- /home/cigany/oiinux/toolchain/installed/x86_64-oiinux-linux-musl/bin
for i in nm-new strip-new ar ranlib dlltool objdump objcopy readelf; do \
  if [ -f $i ]; then \
    j=`echo $i | sed -e 's/-new//'`; \
    k=`echo $j | sed 's&^&x86_64-oiinux-linux-musl-&'`; \
    if [ "/home/cigany/oiinux/toolchain/installed/bin/$k" != "/home/cigany/oiinux/toolchain/installed/x86_64-oiinux-linux-musl/bin/$j" ]; then \
      rm -f /home/cigany/oiinux/toolchain/installed/x86_64-oiinux-linux-musl/bin/$j; \
      ln /home/cigany/oiinux/toolchain/installed/bin/$k /home/cigany/oiinux/toolchain/installed/x86_64-oiinux-linux-musl/bin/$j >/dev/null 2>/dev/null \
	||  /bin/bash ./libtool --mode=install /usr/bin/install -c $i /home/cigany/oiinux/toolchain/installed/x86_64-oiinux-linux-musl/bin/$j; \
    fi; \
  else true; \
  fi; \
done
 /usr/bin/mkdir -p '/home/cigany/oiinux/toolchain/installed/share/info'
 /usr/bin/install -c -m 644 /home/cigany/oiinux/toolchain/src/binutils-2.42/binutils/doc/binutils.info '/home/cigany/oiinux/toolchain/installed/share/info'
 install-info --info-dir='/home/cigany/oiinux/toolchain/installed/share/info' '/home/cigany/oiinux/toolchain/installed/share/info/binutils.info'
 /usr/bin/mkdir -p '/home/cigany/oiinux/toolchain/installed/share/man/man1'
 /usr/bin/install -c -m 644 'doc/addr2line.1' '/home/cigany/oiinux/toolchain/installed/share/man/man1/x86_64-oiinux-linux-musl-addr2line.1'
 /usr/bin/install -c -m 644 'doc/ar.1' '/home/cigany/oiinux/toolchain/installed/share/man/man1/x86_64-oiinux-linux-musl-ar.1'
 /usr/bin/install -c -m 644 'doc/dlltool.1' '/home/cigany/oiinux/toolchain/installed/share/man/man1/x86_64-oiinux-linux-musl-dlltool.1'
 /usr/bin/install -c -m 644 'doc/nm.1' '/home/cigany/oiinux/toolchain/installed/share/man/man1/x86_64-oiinux-linux-musl-nm.1'
 /usr/bin/install -c -m 644 'doc/objcopy.1' '/home/cigany/oiinux/toolchain/installed/share/man/man1/x86_64-oiinux-linux-musl-objcopy.1'
 /usr/bin/install -c -m 644 'doc/objdump.1' '/home/cigany/oiinux/toolchain/installed/share/man/man1/x86_64-oiinux-linux-musl-objdump.1'
 /usr/bin/install -c -m 644 'doc/ranlib.1' '/home/cigany/oiinux/toolchain/installed/share/man/man1/x86_64-oiinux-linux-musl-ranlib.1'
 /usr/bin/install -c -m 644 'doc/readelf.1' '/home/cigany/oiinux/toolchain/installed/share/man/man1/x86_64-oiinux-linux-musl-readelf.1'
 /usr/bin/install -c -m 644 'doc/size.1' '/home/cigany/oiinux/toolchain/installed/share/man/man1/x86_64-oiinux-linux-musl-size.1'
 /usr/bin/install -c -m 644 'doc/strings.1' '/home/cigany/oiinux/toolchain/installed/share/man/man1/x86_64-oiinux-linux-musl-strings.1'
 /usr/bin/install -c -m 644 'doc/strip.1' '/home/cigany/oiinux/toolchain/installed/share/man/man1/x86_64-oiinux-linux-musl-strip.1'
 /usr/bin/install -c -m 644 'doc/elfedit.1' '/home/cigany/oiinux/toolchain/installed/share/man/man1/x86_64-oiinux-linux-musl-elfedit.1'
 /usr/bin/install -c -m 644 'doc/windres.1' '/home/cigany/oiinux/toolchain/installed/share/man/man1/x86_64-oiinux-linux-musl-windres.1'
 /usr/bin/install -c -m 644 'doc/windmc.1' '/home/cigany/oiinux/toolchain/installed/share/man/man1/x86_64-oiinux-linux-musl-windmc.1'
 /usr/bin/install -c -m 644 'doc/c++filt.1' '/home/cigany/oiinux/toolchain/installed/share/man/man1/x86_64-oiinux-linux-musl-c++filt.1'
make[5]: Leaving directory '/home/cigany/oiinux/toolchain/build/binutils/binutils'
make[4]: Leaving directory '/home/cigany/oiinux/toolchain/build/binutils/binutils'
make[3]: Leaving directory '/home/cigany/oiinux/toolchain/build/binutils/binutils'
make[2]: Leaving directory '/home/cigany/oiinux/toolchain/build/binutils/binutils'
make[2]: Entering directory '/home/cigany/oiinux/toolchain/build/binutils/etc'
make[3]: Entering directory '/home/cigany/oiinux/toolchain/build/binutils/etc'
make[3]: Nothing to be done for 'install-exec-am'.
make[3]: Nothing to be done for 'install-data-am'.
make[3]: Leaving directory '/home/cigany/oiinux/toolchain/build/binutils/etc'
make[2]: Leaving directory '/home/cigany/oiinux/toolchain/build/binutils/etc'
make[2]: Entering directory '/home/cigany/oiinux/toolchain/build/binutils/gas'
Making install in po
make[3]: Entering directory '/home/cigany/oiinux/toolchain/build/binutils/gas/po'
make[3]: Nothing to be done for 'install'.
make[3]: Leaving directory '/home/cigany/oiinux/toolchain/build/binutils/gas/po'
make[3]: Entering directory '/home/cigany/oiinux/toolchain/build/binutils/gas'
  GEN      doc/asconfig.texi
make[4]: Entering directory '/home/cigany/oiinux/toolchain/build/binutils/gas'
/bin/bash /home/cigany/oiinux/toolchain/src/binutils-2.42/gas/../mkinstalldirs /home/cigany/oiinux/toolchain/installed/bin
  /bin/bash ./libtool  --mode=install /usr/bin/install -c as-new /home/cigany/oiinux/toolchain/installed/bin/x86_64-oiinux-linux-musl-as
libtool: install: /usr/bin/install -c as-new /home/cigany/oiinux/toolchain/installed/bin/x86_64-oiinux-linux-musl-as
/bin/bash /home/cigany/oiinux/toolchain/src/binutils-2.42/gas/../mkinstalldirs /home/cigany/oiinux/toolchain/installed/x86_64-oiinux-linux-musl/bin
n=`echo as | sed 's&^&x86_64-oiinux-linux-musl-&'`; \
if [ "/home/cigany/oiinux/toolchain/installed/bin/$n" != "/home/cigany/oiinux/toolchain/installed/x86_64-oiinux-linux-musl/bin/as" ]; then \
  rm -f /home/cigany/oiinux/toolchain/installed/x86_64-oiinux-linux-musl/bin/as; \
  ln /home/cigany/oiinux/toolchain/installed/bin/$n /home/cigany/oiinux/toolchain/installed/x86_64-oiinux-linux-musl/bin/as >/dev/null 2>/dev/null \
    ||  /bin/bash ./libtool --mode=install /usr/bin/install -c as-new /home/cigany/oiinux/toolchain/installed/x86_64-oiinux-linux-musl/bin/as; \
else \
  true ; \
fi
  GEN      doc/asconfig.texi
 /usr/bin/mkdir -p '/home/cigany/oiinux/toolchain/installed/share/info'
 /usr/bin/install -c -m 644 /home/cigany/oiinux/toolchain/src/binutils-2.42/gas/doc/as.info '/home/cigany/oiinux/toolchain/installed/share/info'
 install-info --info-dir='/home/cigany/oiinux/toolchain/installed/share/info' '/home/cigany/oiinux/toolchain/installed/share/info/as.info'
 /usr/bin/mkdir -p '/home/cigany/oiinux/toolchain/installed/share/man/man1'
 /usr/bin/install -c -m 644 'doc/as.1' '/home/cigany/oiinux/toolchain/installed/share/man/man1/x86_64-oiinux-linux-musl-as.1'
make[4]: Leaving directory '/home/cigany/oiinux/toolchain/build/binutils/gas'
make[3]: Leaving directory '/home/cigany/oiinux/toolchain/build/binutils/gas'
make[2]: Leaving directory '/home/cigany/oiinux/toolchain/build/binutils/gas'
make[2]: Entering directory '/home/cigany/oiinux/toolchain/build/binutils/gprof'
make  install-recursive
make[3]: Entering directory '/home/cigany/oiinux/toolchain/build/binutils/gprof'
Making install in po
make[4]: Entering directory '/home/cigany/oiinux/toolchain/build/binutils/gprof/po'
make[4]: Nothing to be done for 'install'.
make[4]: Leaving directory '/home/cigany/oiinux/toolchain/build/binutils/gprof/po'
make[4]: Entering directory '/home/cigany/oiinux/toolchain/build/binutils/gprof'
make[5]: Entering directory '/home/cigany/oiinux/toolchain/build/binutils/gprof'
 /usr/bin/mkdir -p '/home/cigany/oiinux/toolchain/installed/bin'
  /bin/bash ./libtool   --mode=install /usr/bin/install -c gprof '/home/cigany/oiinux/toolchain/installed/bin/./x86_64-oiinux-linux-musl-gprof'
libtool: install: /usr/bin/install -c gprof /home/cigany/oiinux/toolchain/installed/bin/./x86_64-oiinux-linux-musl-gprof
 /usr/bin/mkdir -p '/home/cigany/oiinux/toolchain/installed/share/info'
 /usr/bin/install -c -m 644 /home/cigany/oiinux/toolchain/src/binutils-2.42/gprof/gprof.info '/home/cigany/oiinux/toolchain/installed/share/info'
 install-info --info-dir='/home/cigany/oiinux/toolchain/installed/share/info' '/home/cigany/oiinux/toolchain/installed/share/info/gprof.info'
 /usr/bin/mkdir -p '/home/cigany/oiinux/toolchain/installed/share/man/man1'
 /usr/bin/install -c -m 644 '/home/cigany/oiinux/toolchain/src/binutils-2.42/gprof/gprof.1' '/home/cigany/oiinux/toolchain/installed/share/man/man1/x86_64-oiinux-linux-musl-gprof.1'
make[5]: Leaving directory '/home/cigany/oiinux/toolchain/build/binutils/gprof'
make[4]: Leaving directory '/home/cigany/oiinux/toolchain/build/binutils/gprof'
make[3]: Leaving directory '/home/cigany/oiinux/toolchain/build/binutils/gprof'
make[2]: Leaving directory '/home/cigany/oiinux/toolchain/build/binutils/gprof'
make[2]: Entering directory '/home/cigany/oiinux/toolchain/build/binutils/gprofng'
Making install in libcollector
make[3]: Entering directory '/home/cigany/oiinux/toolchain/build/binutils/gprofng/libcollector'
make[4]: Entering directory '/home/cigany/oiinux/toolchain/build/binutils/gprofng/libcollector'
 /usr/bin/mkdir -p '/home/cigany/oiinux/toolchain/installed/lib/gprofng'
 /bin/bash ./libtool   --mode=install /usr/bin/install -c   libgp-collector.la libgp-collectorAPI.la libgp-heap.la libgp-sync.la libgp-iotrace.la '/home/cigany/oiinux/toolchain/installed/lib/gprofng'
libtool: install: /usr/bin/install -c .libs/libgp-collector.so /home/cigany/oiinux/toolchain/installed/lib/gprofng/libgp-collector.so
libtool: install: /usr/bin/install -c .libs/libgp-collector.lai /home/cigany/oiinux/toolchain/installed/lib/gprofng/libgp-collector.la
libtool: install: /usr/bin/install -c .libs/libgp-collectorAPI.so /home/cigany/oiinux/toolchain/installed/lib/gprofng/libgp-collectorAPI.so
libtool: install: /usr/bin/install -c .libs/libgp-collectorAPI.lai /home/cigany/oiinux/toolchain/installed/lib/gprofng/libgp-collectorAPI.la
libtool: install: /usr/bin/install -c .libs/libgp-heap.so /home/cigany/oiinux/toolchain/installed/lib/gprofng/libgp-heap.so
libtool: install: /usr/bin/install -c .libs/libgp-heap.lai /home/cigany/oiinux/toolchain/installed/lib/gprofng/libgp-heap.la
libtool: install: /usr/bin/install -c .libs/libgp-sync.so /home/cigany/oiinux/toolchain/installed/lib/gprofng/libgp-sync.so
libtool: install: /usr/bin/install -c .libs/libgp-sync.lai /home/cigany/oiinux/toolchain/installed/lib/gprofng/libgp-sync.la
libtool: install: /usr/bin/install -c .libs/libgp-iotrace.so /home/cigany/oiinux/toolchain/installed/lib/gprofng/libgp-iotrace.so
libtool: install: /usr/bin/install -c .libs/libgp-iotrace.lai /home/cigany/oiinux/toolchain/installed/lib/gprofng/libgp-iotrace.la
libtool: install: /usr/bin/install -c .libs/libgp-collector.a /home/cigany/oiinux/toolchain/installed/lib/gprofng/libgp-collector.a
libtool: install: chmod 644 /home/cigany/oiinux/toolchain/installed/lib/gprofng/libgp-collector.a
libtool: install: ranlib --plugin /usr/libexec/gcc/x86_64-linux-gnu/13/liblto_plugin.so --plugin /usr/libexec/gcc/x86_64-linux-gnu/13/liblto_plugin.so /home/cigany/oiinux/toolchain/installed/lib/gprofng/libgp-collector.a
libtool: install: /usr/bin/install -c .libs/libgp-collectorAPI.a /home/cigany/oiinux/toolchain/installed/lib/gprofng/libgp-collectorAPI.a
libtool: install: chmod 644 /home/cigany/oiinux/toolchain/installed/lib/gprofng/libgp-collectorAPI.a
libtool: install: ranlib --plugin /usr/libexec/gcc/x86_64-linux-gnu/13/liblto_plugin.so --plugin /usr/libexec/gcc/x86_64-linux-gnu/13/liblto_plugin.so /home/cigany/oiinux/toolchain/installed/lib/gprofng/libgp-collectorAPI.a
libtool: install: /usr/bin/install -c .libs/libgp-heap.a /home/cigany/oiinux/toolchain/installed/lib/gprofng/libgp-heap.a
libtool: install: chmod 644 /home/cigany/oiinux/toolchain/installed/lib/gprofng/libgp-heap.a
libtool: install: ranlib --plugin /usr/libexec/gcc/x86_64-linux-gnu/13/liblto_plugin.so --plugin /usr/libexec/gcc/x86_64-linux-gnu/13/liblto_plugin.so /home/cigany/oiinux/toolchain/installed/lib/gprofng/libgp-heap.a
libtool: install: /usr/bin/install -c .libs/libgp-sync.a /home/cigany/oiinux/toolchain/installed/lib/gprofng/libgp-sync.a
libtool: install: chmod 644 /home/cigany/oiinux/toolchain/installed/lib/gprofng/libgp-sync.a
libtool: install: ranlib --plugin /usr/libexec/gcc/x86_64-linux-gnu/13/liblto_plugin.so --plugin /usr/libexec/gcc/x86_64-linux-gnu/13/liblto_plugin.so /home/cigany/oiinux/toolchain/installed/lib/gprofng/libgp-sync.a
libtool: install: /usr/bin/install -c .libs/libgp-iotrace.a /home/cigany/oiinux/toolchain/installed/lib/gprofng/libgp-iotrace.a
libtool: install: chmod 644 /home/cigany/oiinux/toolchain/installed/lib/gprofng/libgp-iotrace.a
libtool: install: ranlib --plugin /usr/libexec/gcc/x86_64-linux-gnu/13/liblto_plugin.so --plugin /usr/libexec/gcc/x86_64-linux-gnu/13/liblto_plugin.so /home/cigany/oiinux/toolchain/installed/lib/gprofng/libgp-iotrace.a
libtool: finish: PATH="/home/cigany/oiinux/toolchain/installed/bin:/usr/local/sbin:/usr/local/bin:/usr/sbin:/usr/bin:/sbin:/bin:/usr/games:/usr/local/games:/usr/lib/wsl/lib:/mnt/c/Program Files/WindowsApps/MicrosoftCorporationII.WindowsSubsystemForLinux_2.6.3.0_x64__8wekyb3d8bbwe:/mnt/c/Program Files/Common Files/Oracle/Java/javapath:/mnt/c/Program Files (x86)/VMware/VMware Workstation/bin/:/mnt/c/Program Files/Oculus/Support/oculus-runtime:/mnt/c/WINDOWS/system32:/mnt/c/WINDOWS:/mnt/c/WINDOWS/System32/Wbem:/mnt/c/WINDOWS/System32/WindowsPowerShell/v1.0/:/mnt/c/WINDOWS/System32/OpenSSH/:/mnt/c/Program Files/nodejs/:/mnt/c/Program Files/NVIDIA Corporation/NVIDIA App/NvDLISR:/mnt/c/Program Files (x86)/NVIDIA Corporation/PhysX/Common:/mnt/c/Program Files/dotnet/:/mnt/c/Program Files (x86)/Windows Kits/10/Windows Performance Toolkit/:/mnt/c/Program Files/PuTTY/:/mnt/c/Program Files/nPerf:/mnt/c/Program Files/WireGuard/:/mnt/c/Program Files/Git/cmd:/mnt/c/Users/cigany/AppData/Local/pnpm:/mnt/c/Users/cigany/AppData/Local/Microsoft/WindowsApps:/mnt/c/Users/cigany/AppData/Roaming/npm:/mnt/c/Users/cigany/AppData/Local/spicetify:/mnt/c/Users/cigany/AppData/Local/Programs/Microsoft VS Code/bin:/mnt/c/ffmpeg/bin:/mnt/c/Users/cigany/.dotnet/tools:/mnt/c/Program Files/mitmproxy/bin:/mnt/c/Program Files (x86)/Nmap:/mnt/c/Users/cigany/AppData/Local/Programs/cursor/resources/app/bin:/snap/bin:/sbin" ldconfig -n /home/cigany/oiinux/toolchain/installed/lib/gprofng
----------------------------------------------------------------------
Libraries have been installed in:
   /home/cigany/oiinux/toolchain/installed/lib/gprofng

If you ever happen to want to link against installed libraries
in a given directory, LIBDIR, you must either use libtool, and
specify the full pathname of the library, or use the `-LLIBDIR'
flag during linking and do at least one of the following:
   - add LIBDIR to the `LD_LIBRARY_PATH' environment variable
     during execution
   - add LIBDIR to the `LD_RUN_PATH' environment variable
     during linking
   - use the `-Wl,-rpath -Wl,LIBDIR' linker flag
   - have your system administrator add LIBDIR to `/etc/ld.so.conf'

See any operating system documentation about shared libraries for
more information, such as the ld(1) and ld.so(8) manual pages.
----------------------------------------------------------------------
for f in libgp-collector libgp-heap libgp-sync libgp-iotrace ; do \
  rm -f //home/cigany/oiinux/toolchain/installed/lib/gprofng/$f.la //home/cigany/oiinux/toolchain/installed/lib/gprofng/$f.a ; \
done
 /usr/bin/mkdir -p '/home/cigany/oiinux/toolchain/installed/include'
 /usr/bin/install -c -m 644 /home/cigany/oiinux/toolchain/src/binutils-2.42/gprofng/libcollector/../../include/collectorAPI.h /home/cigany/oiinux/toolchain/src/binutils-2.42/gprofng/libcollector/../../include/libcollector.h /home/cigany/oiinux/toolchain/src/binutils-2.42/gprofng/libcollector/../../include/libfcollector.h '/home/cigany/oiinux/toolchain/installed/include'
make[4]: Leaving directory '/home/cigany/oiinux/toolchain/build/binutils/gprofng/libcollector'
make[3]: Leaving directory '/home/cigany/oiinux/toolchain/build/binutils/gprofng/libcollector'
Making install in src
make[3]: Entering directory '/home/cigany/oiinux/toolchain/build/binutils/gprofng/src'
make  install-am
make[4]: Entering directory '/home/cigany/oiinux/toolchain/build/binutils/gprofng/src'
make[5]: Entering directory '/home/cigany/oiinux/toolchain/build/binutils/gprofng/src'
 /usr/bin/mkdir -p '/home/cigany/oiinux/toolchain/installed/lib'
 /bin/bash ../libtool   --mode=install /usr/bin/install -c   libgprofng.la '/home/cigany/oiinux/toolchain/installed/lib'
libtool: install: /usr/bin/install -c .libs/libgprofng.lai /home/cigany/oiinux/toolchain/installed/lib/libgprofng.la
libtool: install: /usr/bin/install -c .libs/libgprofng.a /home/cigany/oiinux/toolchain/installed/lib/libgprofng.a
libtool: install: chmod 644 /home/cigany/oiinux/toolchain/installed/lib/libgprofng.a
libtool: install: ranlib --plugin /usr/libexec/gcc/x86_64-linux-gnu/13/liblto_plugin.so --plugin /usr/libexec/gcc/x86_64-linux-gnu/13/liblto_plugin.so /home/cigany/oiinux/toolchain/installed/lib/libgprofng.a
libtool: finish: PATH="/home/cigany/oiinux/toolchain/installed/bin:/usr/local/sbin:/usr/local/bin:/usr/sbin:/usr/bin:/sbin:/bin:/usr/games:/usr/local/games:/usr/lib/wsl/lib:/mnt/c/Program Files/WindowsApps/MicrosoftCorporationII.WindowsSubsystemForLinux_2.6.3.0_x64__8wekyb3d8bbwe:/mnt/c/Program Files/Common Files/Oracle/Java/javapath:/mnt/c/Program Files (x86)/VMware/VMware Workstation/bin/:/mnt/c/Program Files/Oculus/Support/oculus-runtime:/mnt/c/WINDOWS/system32:/mnt/c/WINDOWS:/mnt/c/WINDOWS/System32/Wbem:/mnt/c/WINDOWS/System32/WindowsPowerShell/v1.0/:/mnt/c/WINDOWS/System32/OpenSSH/:/mnt/c/Program Files/nodejs/:/mnt/c/Program Files/NVIDIA Corporation/NVIDIA App/NvDLISR:/mnt/c/Program Files (x86)/NVIDIA Corporation/PhysX/Common:/mnt/c/Program Files/dotnet/:/mnt/c/Program Files (x86)/Windows Kits/10/Windows Performance Toolkit/:/mnt/c/Program Files/PuTTY/:/mnt/c/Program Files/nPerf:/mnt/c/Program Files/WireGuard/:/mnt/c/Program Files/Git/cmd:/mnt/c/Users/cigany/AppData/Local/pnpm:/mnt/c/Users/cigany/AppData/Local/Microsoft/WindowsApps:/mnt/c/Users/cigany/AppData/Roaming/npm:/mnt/c/Users/cigany/AppData/Local/spicetify:/mnt/c/Users/cigany/AppData/Local/Programs/Microsoft VS Code/bin:/mnt/c/ffmpeg/bin:/mnt/c/Users/cigany/.dotnet/tools:/mnt/c/Program Files/mitmproxy/bin:/mnt/c/Program Files (x86)/Nmap:/mnt/c/Users/cigany/AppData/Local/Programs/cursor/resources/app/bin:/snap/bin:/sbin" ldconfig -n /home/cigany/oiinux/toolchain/installed/lib
----------------------------------------------------------------------
Libraries have been installed in:
   /home/cigany/oiinux/toolchain/installed/lib

If you ever happen to want to link against installed libraries
in a given directory, LIBDIR, you must either use libtool, and
specify the full pathname of the library, or use the `-LLIBDIR'
flag during linking and do at least one of the following:
   - add LIBDIR to the `LD_LIBRARY_PATH' environment variable
     during execution
   - add LIBDIR to the `LD_RUN_PATH' environment variable
     during linking
   - use the `-Wl,-rpath -Wl,LIBDIR' linker flag
   - have your system administrator add LIBDIR to `/etc/ld.so.conf'

See any operating system documentation about shared libraries for
more information, such as the ld(1) and ld.so(8) manual pages.
----------------------------------------------------------------------
 /usr/bin/mkdir -p '/home/cigany/oiinux/toolchain/installed/bin'
  /bin/bash ../libtool   --mode=install /usr/bin/install -c gp-archive '/home/cigany/oiinux/toolchain/installed/bin/./x86_64-oiinux-linux-musl-gp-archive'
libtool: install: /usr/bin/install -c gp-archive /home/cigany/oiinux/toolchain/installed/bin/./x86_64-oiinux-linux-musl-gp-archive
  /bin/bash ../libtool   --mode=install /usr/bin/install -c gp-collect-app '/home/cigany/oiinux/toolchain/installed/bin/./x86_64-oiinux-linux-musl-gp-collect-app'
libtool: install: /usr/bin/install -c gp-collect-app /home/cigany/oiinux/toolchain/installed/bin/./x86_64-oiinux-linux-musl-gp-collect-app
  /bin/bash ../libtool   --mode=install /usr/bin/install -c gprofng '/home/cigany/oiinux/toolchain/installed/bin/./x86_64-oiinux-linux-musl-gprofng'
libtool: install: /usr/bin/install -c gprofng /home/cigany/oiinux/toolchain/installed/bin/./x86_64-oiinux-linux-musl-gprofng
  /bin/bash ../libtool   --mode=install /usr/bin/install -c gp-display-text '/home/cigany/oiinux/toolchain/installed/bin/./x86_64-oiinux-linux-musl-gp-display-text'
libtool: install: /usr/bin/install -c gp-display-text /home/cigany/oiinux/toolchain/installed/bin/./x86_64-oiinux-linux-musl-gp-display-text
  /bin/bash ../libtool   --mode=install /usr/bin/install -c gp-display-src '/home/cigany/oiinux/toolchain/installed/bin/./x86_64-oiinux-linux-musl-gp-display-src'
libtool: install: /usr/bin/install -c gp-display-src /home/cigany/oiinux/toolchain/installed/bin/./x86_64-oiinux-linux-musl-gp-display-src
 /usr/bin/mkdir -p '/home/cigany/oiinux/toolchain/installed/etc'
 /usr/bin/install -c -m 644 /home/cigany/oiinux/toolchain/src/binutils-2.42/gprofng/src/gprofng.rc '/home/cigany/oiinux/toolchain/installed/etc'
make[5]: Leaving directory '/home/cigany/oiinux/toolchain/build/binutils/gprofng/src'
make[4]: Leaving directory '/home/cigany/oiinux/toolchain/build/binutils/gprofng/src'
make[3]: Leaving directory '/home/cigany/oiinux/toolchain/build/binutils/gprofng/src'
Making install in gp-display-html
make[3]: Entering directory '/home/cigany/oiinux/toolchain/build/binutils/gprofng/gp-display-html'
make[4]: Entering directory '/home/cigany/oiinux/toolchain/build/binutils/gprofng/gp-display-html'
 /usr/bin/mkdir -p '/home/cigany/oiinux/toolchain/installed/bin'
 /usr/bin/install -c gp-display-html '/home/cigany/oiinux/toolchain/installed/bin/./x86_64-oiinux-linux-musl-gp-display-html'
make[4]: Nothing to be done for 'install-data-am'.
make[4]: Leaving directory '/home/cigany/oiinux/toolchain/build/binutils/gprofng/gp-display-html'
make[3]: Leaving directory '/home/cigany/oiinux/toolchain/build/binutils/gprofng/gp-display-html'
Making install in doc
make[3]: Entering directory '/home/cigany/oiinux/toolchain/build/binutils/gprofng/doc'
make[4]: Entering directory '/home/cigany/oiinux/toolchain/build/binutils/gprofng/doc'
make[4]: Nothing to be done for 'install-exec-am'.
 /usr/bin/mkdir -p '/home/cigany/oiinux/toolchain/installed/share/info'
 /usr/bin/install -c -m 644 ./gprofng.info '/home/cigany/oiinux/toolchain/installed/share/info'
 install-info --info-dir='/home/cigany/oiinux/toolchain/installed/share/info' '/home/cigany/oiinux/toolchain/installed/share/info/gprofng.info'
 /usr/bin/mkdir -p '/home/cigany/oiinux/toolchain/installed/share/man/man1'
 /usr/bin/install -c -m 644 '/home/cigany/oiinux/toolchain/src/binutils-2.42/gprofng/doc/gprofng.1' '/home/cigany/oiinux/toolchain/installed/share/man/man1/x86_64-oiinux-linux-musl-gprofng.1'
 /usr/bin/install -c -m 644 '/home/cigany/oiinux/toolchain/src/binutils-2.42/gprofng/doc/gp-archive.1' '/home/cigany/oiinux/toolchain/installed/share/man/man1/x86_64-oiinux-linux-musl-gp-archive.1'
 /usr/bin/install -c -m 644 '/home/cigany/oiinux/toolchain/src/binutils-2.42/gprofng/doc/gp-collect-app.1' '/home/cigany/oiinux/toolchain/installed/share/man/man1/x86_64-oiinux-linux-musl-gp-collect-app.1'
 /usr/bin/install -c -m 644 '/home/cigany/oiinux/toolchain/src/binutils-2.42/gprofng/doc/gp-display-html.1' '/home/cigany/oiinux/toolchain/installed/share/man/man1/x86_64-oiinux-linux-musl-gp-display-html.1'
 /usr/bin/install -c -m 644 '/home/cigany/oiinux/toolchain/src/binutils-2.42/gprofng/doc/gp-display-src.1' '/home/cigany/oiinux/toolchain/installed/share/man/man1/x86_64-oiinux-linux-musl-gp-display-src.1'
 /usr/bin/install -c -m 644 '/home/cigany/oiinux/toolchain/src/binutils-2.42/gprofng/doc/gp-display-text.1' '/home/cigany/oiinux/toolchain/installed/share/man/man1/x86_64-oiinux-linux-musl-gp-display-text.1'
make[4]: Leaving directory '/home/cigany/oiinux/toolchain/build/binutils/gprofng/doc'
make[3]: Leaving directory '/home/cigany/oiinux/toolchain/build/binutils/gprofng/doc'
make[3]: Entering directory '/home/cigany/oiinux/toolchain/build/binutils/gprofng'
make[4]: Entering directory '/home/cigany/oiinux/toolchain/build/binutils/gprofng'
make[4]: Nothing to be done for 'install-exec-am'.
make[4]: Nothing to be done for 'install-data-am'.
make[4]: Leaving directory '/home/cigany/oiinux/toolchain/build/binutils/gprofng'
make[3]: Leaving directory '/home/cigany/oiinux/toolchain/build/binutils/gprofng'
make[2]: Leaving directory '/home/cigany/oiinux/toolchain/build/binutils/gprofng'
make[2]: Entering directory '/home/cigany/oiinux/toolchain/build/binutils/libctf'
make[3]: Entering directory '/home/cigany/oiinux/toolchain/build/binutils/libctf'
make[4]: Entering directory '/home/cigany/oiinux/toolchain/build/binutils/libctf'
 /usr/bin/mkdir -p '/home/cigany/oiinux/toolchain/installed/share/info'
 /usr/bin/install -c -m 644 /home/cigany/oiinux/toolchain/src/binutils-2.42/libctf/doc/ctf-spec.info '/home/cigany/oiinux/toolchain/installed/share/info'
 install-info --info-dir='/home/cigany/oiinux/toolchain/installed/share/info' '/home/cigany/oiinux/toolchain/installed/share/info/ctf-spec.info'
make[4]: Leaving directory '/home/cigany/oiinux/toolchain/build/binutils/libctf'
make[3]: Leaving directory '/home/cigany/oiinux/toolchain/build/binutils/libctf'
make[2]: Leaving directory '/home/cigany/oiinux/toolchain/build/binutils/libctf'
make[2]: Entering directory '/home/cigany/oiinux/toolchain/build/binutils/ld'
make  install-recursive
make[3]: Entering directory '/home/cigany/oiinux/toolchain/build/binutils/ld'
Making install in po
make[4]: Entering directory '/home/cigany/oiinux/toolchain/build/binutils/ld/po'
make[4]: Nothing to be done for 'install'.
make[4]: Leaving directory '/home/cigany/oiinux/toolchain/build/binutils/ld/po'
make[4]: Entering directory '/home/cigany/oiinux/toolchain/build/binutils/ld'
make[5]: Entering directory '/home/cigany/oiinux/toolchain/build/binutils/ld'
 /usr/bin/mkdir -p '/home/cigany/oiinux/toolchain/installed/bin'
  /bin/bash ./libtool   --mode=install /usr/bin/install -c ld-new '/home/cigany/oiinux/toolchain/installed/bin/./x86_64-oiinux-linux-musl-ld.bfd'
libtool: install: /usr/bin/install -c ld-new /home/cigany/oiinux/toolchain/installed/bin/./x86_64-oiinux-linux-musl-ld.bfd
/bin/bash /home/cigany/oiinux/toolchain/src/binutils-2.42/ld/../mkinstalldirs /home/cigany/oiinux/toolchain/installed/x86_64-oiinux-linux-musl/bin
n=`echo ld.bfd | sed 's/^ld-new$/ld.bfd/;s&^&x86_64-oiinux-linux-musl-&'`; \
if test "/home/cigany/oiinux/toolchain/installed/bin" != "/home/cigany/oiinux/toolchain/installed/x86_64-oiinux-linux-musl/bin"; then \
  rm -f /home/cigany/oiinux/toolchain/installed/x86_64-oiinux-linux-musl/bin/ld.bfd; \
  ln /home/cigany/oiinux/toolchain/installed/bin/$n /home/cigany/oiinux/toolchain/installed/x86_64-oiinux-linux-musl/bin/ld.bfd >/dev/null 2>/dev/null \
  ||  /bin/bash ./libtool --mode=install /usr/bin/install -c ld-new /home/cigany/oiinux/toolchain/installed/x86_64-oiinux-linux-musl/bin/ld.bfd; \
fi; \
if test "xyes" = "xyes"; then \
  ld=`echo ld | sed 's/^ld-new$/ld.bfd/;s&^&x86_64-oiinux-linux-musl-&'`; \
  rm -f /home/cigany/oiinux/toolchain/installed/bin/$ld; \
  ln /home/cigany/oiinux/toolchain/installed/bin/$n /home/cigany/oiinux/toolchain/installed/bin/$ld >/dev/null 2>/dev/null \
  ||  /bin/bash ./libtool --mode=install /usr/bin/install -c ld-new /home/cigany/oiinux/toolchain/installed/bin/$ld; \
  if test "/home/cigany/oiinux/toolchain/installed/bin" != "/home/cigany/oiinux/toolchain/installed/x86_64-oiinux-linux-musl/bin"; then \
    rm -f /home/cigany/oiinux/toolchain/installed/x86_64-oiinux-linux-musl/bin/ld; \
    ln /home/cigany/oiinux/toolchain/installed/bin/$n /home/cigany/oiinux/toolchain/installed/x86_64-oiinux-linux-musl/bin/ld >/dev/null 2>/dev/null \
    ||  /bin/bash ./libtool --mode=install /usr/bin/install -c ld-new /home/cigany/oiinux/toolchain/installed/x86_64-oiinux-linux-musl/bin/ld; \
  fi; \
fi
 /usr/bin/mkdir -p '/home/cigany/oiinux/toolchain/installed/lib/bfd-plugins'
 /bin/bash ./libtool   --mode=install /usr/bin/install -c   libdep.la '/home/cigany/oiinux/toolchain/installed/lib/bfd-plugins'
libtool: install: /usr/bin/install -c .libs/libdep.so /home/cigany/oiinux/toolchain/installed/lib/bfd-plugins/libdep.so
libtool: install: /usr/bin/install -c .libs/libdep.lai /home/cigany/oiinux/toolchain/installed/lib/bfd-plugins/libdep.la
libtool: install: warning: remember to run `libtool --finish /nowhere'
/bin/bash /home/cigany/oiinux/toolchain/src/binutils-2.42/ld/../mkinstalldirs /home/cigany/oiinux/toolchain/installed/x86_64-oiinux-linux-musl/lib/ldscripts
mkdir -p -- /home/cigany/oiinux/toolchain/installed/x86_64-oiinux-linux-musl/lib/ldscripts
for f in ldscripts/* ; do \
  case $f in \
    stamp) ;; \
    *) /usr/bin/install -c -m 644 $f /home/cigany/oiinux/toolchain/installed/x86_64-oiinux-linux-musl/lib/$f ; \
  esac \
done
rm -f /home/cigany/oiinux/toolchain/installed/lib/bfd-plugins/libdep.la
rm -f /home/cigany/oiinux/toolchain/installed/lib/bfd-plugins/libdep.dll.a
 /usr/bin/mkdir -p '/home/cigany/oiinux/toolchain/installed/share/info'
 /usr/bin/install -c -m 644 /home/cigany/oiinux/toolchain/src/binutils-2.42/ld/ld.info /home/cigany/oiinux/toolchain/src/binutils-2.42/ld/ldint.info '/home/cigany/oiinux/toolchain/installed/share/info'
 install-info --info-dir='/home/cigany/oiinux/toolchain/installed/share/info' '/home/cigany/oiinux/toolchain/installed/share/info/ld.info'
 install-info --info-dir='/home/cigany/oiinux/toolchain/installed/share/info' '/home/cigany/oiinux/toolchain/installed/share/info/ldint.info'
 /usr/bin/mkdir -p '/home/cigany/oiinux/toolchain/installed/share/man/man1'
 /usr/bin/install -c -m 644 '/home/cigany/oiinux/toolchain/src/binutils-2.42/ld/ld.1' '/home/cigany/oiinux/toolchain/installed/share/man/man1/x86_64-oiinux-linux-musl-ld.1'
make[5]: Leaving directory '/home/cigany/oiinux/toolchain/build/binutils/ld'
make[4]: Leaving directory '/home/cigany/oiinux/toolchain/build/binutils/ld'
make[3]: Leaving directory '/home/cigany/oiinux/toolchain/build/binutils/ld'
make[2]: Leaving directory '/home/cigany/oiinux/toolchain/build/binutils/ld'
make[2]: Entering directory '/home/cigany/oiinux/toolchain/build/binutils/libiberty'
make[3]: Entering directory '/home/cigany/oiinux/toolchain/build/binutils/libiberty/testsuite'
make[3]: Nothing to be done for 'all'.
make[3]: Leaving directory '/home/cigany/oiinux/toolchain/build/binutils/libiberty/testsuite'
if test -n ""; then \
	/bin/bash /home/cigany/oiinux/toolchain/src/binutils-2.42/libiberty/../mkinstalldirs /home/cigany/oiinux/toolchain/installed/lib/`gcc -g -O2     -print-multi-os-directory`; \
	/usr/bin/install -c -m 644 ./libiberty.a /home/cigany/oiinux/toolchain/installed/lib/`gcc -g -O2     -print-multi-os-directory`/./libiberty.an; \
	( cd /home/cigany/oiinux/toolchain/installed/lib/`gcc -g -O2     -print-multi-os-directory` ; chmod 644 ./libiberty.an ;ranlib --plugin /usr/libexec/gcc/x86_64-linux-gnu/13/liblto_plugin.so ./libiberty.an ); \
	mv -f /home/cigany/oiinux/toolchain/installed/lib/`gcc -g -O2     -print-multi-os-directory`/./libiberty.an /home/cigany/oiinux/toolchain/installed/lib/`gcc -g -O2     -print-multi-os-directory`/./libiberty.a; \
	case "" in \
	  /*)    thd=;; \
	  *)     thd=/home/cigany/oiinux/toolchain/installed/include/;; \
	esac; \
	/bin/bash /home/cigany/oiinux/toolchain/src/binutils-2.42/libiberty/../mkinstalldirs ${thd}; \
	for h in /home/cigany/oiinux/toolchain/src/binutils-2.42/libiberty/../include/ansidecl.h /home/cigany/oiinux/toolchain/src/binutils-2.42/libiberty/../include/demangle.h /home/cigany/oiinux/toolchain/src/binutils-2.42/libiberty/../include/dyn-string.h /home/cigany/oiinux/toolchain/src/binutils-2.42/libiberty/../include/fibheap.h /home/cigany/oiinux/toolchain/src/binutils-2.42/libiberty/../include/floatformat.h /home/cigany/oiinux/toolchain/src/binutils-2.42/libiberty/../include/hashtab.h /home/cigany/oiinux/toolchain/src/binutils-2.42/libiberty/../include/libiberty.h /home/cigany/oiinux/toolchain/src/binutils-2.42/libiberty/../include/objalloc.h /home/cigany/oiinux/toolchain/src/binutils-2.42/libiberty/../include/partition.h /home/cigany/oiinux/toolchain/src/binutils-2.42/libiberty/../include/safe-ctype.h /home/cigany/oiinux/toolchain/src/binutils-2.42/libiberty/../include/sort.h /home/cigany/oiinux/toolchain/src/binutils-2.42/libiberty/../include/splay-tree.h /home/cigany/oiinux/toolchain/src/binutils-2.42/libiberty/../include/timeval-utils.h; do \
	  /usr/bin/install -c -m 644 $h ${thd}; \
	done; \
fi
make[3]: Entering directory '/home/cigany/oiinux/toolchain/build/binutils/libiberty/testsuite'
make[3]: Nothing to be done for 'install'.
make[3]: Leaving directory '/home/cigany/oiinux/toolchain/build/binutils/libiberty/testsuite'
make[2]: Leaving directory '/home/cigany/oiinux/toolchain/build/binutils/libiberty'
make[1]: Nothing to be done for 'install-target'.
make[1]: Leaving directory '/home/cigany/oiinux/toolchain/build/binutils'
